#
# A fatal error has been detected by the Java Runtime Environment:
#
#  SIGSEGV (0xb) at pc=0x0000000109346523, pid=7868, tid=775
#
# JRE version: Java(TM) SE Runtime Environment (12.0.2+10) (build 12.0.2+10)
# Java VM: Java HotSpot(TM) 64-Bit Server VM (12.0.2+10, mixed mode, sharing, tiered, compressed oops, g1 gc, bsd-amd64)
# Problematic frame:
# V  [libjvm.dylib+0x3c8523]  jni_PushLocalFrame+0x39
#
# No core dump will be written. Core dumps have been disabled. To enable core dumping, try "ulimit -c unlimited" before starting Java again
#
# If you would like to submit a bug report, please visit:
#   http://bugreport.java.com/bugreport/crash.jsp
#

---------------  S U M M A R Y ------------

Command Line: --module-path=/Users/david_pinaud/Desktop/Ã‰tudes/javafx-sdk-11.0.2/lib --add-modules=javafx.controls -Dfile.encoding=UTF-8 projetImage.nbMarche

Host: MacBookPro15,4 x86_64 1400 MHz, 8 cores, 8G, Darwin 19.2.0
Time: Wed Mar 11 13:28:45 2020 CET elapsed time: 16 seconds (0d 0h 0m 16s)

---------------  T H R E A D  ---------------

Current thread is native thread

Stack: [0x00007ffee7a37000,0x00007ffee8237000],  sp=0x00007ffee8232580,  free space=8173k
Native frames: (J=compiled Java code, A=aot compiled Java code, j=interpreted, Vv=VM code, C=native code)
V  [libjvm.dylib+0x3c8523]  jni_PushLocalFrame+0x39
C  [libawt_lwawt.dylib+0x6637]  -[AWTView accessibilityAttributeValue:]+0xa3
C  [AppKit+0xf0ad7]  NSAccessibilityGetObjectForAttributeUsingLegacyAPI+0x173
C  [AppKit+0xf005f]  NSAccessibilityGetObjectValueForAttribute+0x61d
C  [AppKit+0xef5ba]  -[NSAccessibilityAttributeAccessorInfo getAttributeValue:forObject:]+0x3a
C  [AppKit+0x6ac74a]  ___NSAccessibilityEntryPointValueForAttribute_block_invoke.805.llvm.13959119585712847718+0x68a
C  [AppKit+0x6a8471]  NSAccessibilityPerformEntryPointObject.llvm.13959119585712847718+0x10
C  [AppKit+0x6a85b2]  _NSAccessibilityEntryPointValueForAttribute.llvm.13959119585712847718+0xa8
C  [AppKit+0xef344]  NSAccessibilityChildren+0x29
C  [AppKit+0xf0e38]  NSAccessibilityUnignoredChildren+0xdc
C  [AppKit+0xf0ad7]  NSAccessibilityGetObjectForAttributeUsingLegacyAPI+0x173
C  [AppKit+0xf005f]  NSAccessibilityGetObjectValueForAttribute+0x61d
C  [AppKit+0xef5ba]  -[NSAccessibilityAttributeAccessorInfo getAttributeValue:forObject:]+0x3a
C  [AppKit+0x6ac74a]  ___NSAccessibilityEntryPointValueForAttribute_block_invoke.805.llvm.13959119585712847718+0x68a
C  [AppKit+0x6a8471]  NSAccessibilityPerformEntryPointObject.llvm.13959119585712847718+0x10
C  [AppKit+0x6a85b2]  _NSAccessibilityEntryPointValueForAttribute.llvm.13959119585712847718+0xa8
C  [AppKit+0xef344]  NSAccessibilityChildren+0x29
C  [AppKit+0x3d8017]  -[NSView(NSViewAccessibility) _accessibilityBasicHitTest:]+0x96
C  [AppKit+0x3d7f67]  -[NSView(NSViewAccessibility) accessibilityHitTest:]+0x16
C  [AppKit+0x8e8b88]  -[NSWindow(NSWindowAccessibility) accessibilityHitTest:]+0x13d
C  [AppKit+0x4d9d9e]  -[NSApplication(NSApplicationAccessibility) accessibilityHitTest:]+0x14e
C  [AppKit+0x4afbdb]  CopyElementAtPosition+0x94
C  [HIServices+0x281b5]  _AXXMIGCopyElementAtPosition+0x14c
C  [HIServices+0x48438]  _XCopyElementAtPosition+0x171
C  [HIServices+0x7253]  mshMIGPerform+0xcd
C  [CoreFoundation+0x850bf]  __CFRUNLOOP_IS_CALLING_OUT_TO_A_SOURCE1_PERFORM_FUNCTION__+0x29
C  [CoreFoundation+0x8500f]  __CFRunLoopDoSource1+0x21d
C  [CoreFoundation+0x83c7c]  __CFRunLoopRun+0xa34
C  [CoreFoundation+0x82bd3]  CFRunLoopRunSpecific+0x1f3
C  [libjli.dylib+0x6444]  CreateExecutionEnvironment+0x190
C  [libjli.dylib+0x25b7]  JLI_Launch+0x51f
C  [java+0xca9]  main+0x16f
C  [libdyld.dylib+0x1a7fd]  start+0x1


siginfo: si_signo: 11 (SIGSEGV), si_code: 1 (SEGV_MAPERR), si_addr: 0x00000000000003a8

Register to memory mapping:

RAX=
[error occurred during error reporting (printing register info), id 0xb, SIGSEGV (0xb) at pc=0x000000010966819e]

Registers:
RAX=0x000000000000dead, RBX=0x0000000000000000, RCX=0x0000000108f43dc0, RDX=0x00007fff909e0948
RSP=0x00007ffee8232580, RBP=0x00007ffee82325c0, RSI=0x0000000000000004, RDI=0x00007fac0ba00000
R8 =0x0000000000000004, R9 =0x00007fff909e0948, R10=0x000000012b2fd1d8, R11=0x000000012b2f8ffc
R12=0x0000000000000000, R13=0x0000000000000000, R14=0x0000000000000004, R15=0x00007fac0ba00330
RIP=0x0000000109346523, EFLAGS=0x0000000000010246, ERR=0x0000000000000006
  TRAPNO=0x000000000000000e

Top of Stack: (sp=0x00007ffee8232580)
0x00007ffee8232580:   0000000000000000 0000000000000000
0x00007ffee8232590:   0000000000000000 000000012b2f9009
0x00007ffee82325a0:   0000000000000000 00007fac0ba00330
0x00007ffee82325b0:   00007fac0f836240 00007fff6e8c9000
0x00007ffee82325c0:   00007ffee8232600 000000012f899637
0x00007ffee82325d0:   4070500000000000 0000000000000000
0x00007ffee82325e0:   4054000000000000 00007fac0f836240
0x00007ffee82325f0:   00007fff7a0850b2 00007fff909e0948
0x00007ffee8232600:   00007ffee8232690 00007fff3585ead7
0x00007ffee8232610:   00007ffee8232650 00007fff6e8d18e0
0x00007ffee8232620:   00007ffee82327a7 00007fff909e0948
0x00007ffee8232630:   3047604238430089 00007fff909e08c8
0x00007ffee8232640:   0000000000000000 0000000000000000
0x00007ffee8232650:   00007fff909e0948 0000000000000000
0x00007ffee8232660:   00007ffee8232690 0000000000000000
0x00007ffee8232670:   0000000000000000 0000000000000000
0x00007ffee8232680:   00007fff909e08c8 0000000000000000
0x00007ffee8232690:   00007ffee82327d0 00007fff3585e05f
0x00007ffee82326a0:   0000000000000007 00000001079d3080
0x00007ffee82326b0:   00000001079e7a00 00000001079e7a00
0x00007ffee82326c0:   00007ffee8232760 00007fff6fdfb639
0x00007ffee82326d0:   3047604238430089 00007fac0fa55640
0x00007ffee82326e0:   00007fac0f836240 00007fff79c624b5
0x00007ffee82326f0:   00007ffee82328b8 00007fac0f836240
0x00007ffee8232700:   00007ffee82327d0 00007fff6e8c9b99
0x00007ffee8232710:   00000000000000b5 00007fac0b0f4000
0x00007ffee8232720:   00007fff3585d9d8 00007fac0f836240
0x00007ffee8232730:   00007fff79c624b5 00007fac0f836240
0x00007ffee8232740:   00007fff6e8c9000 00007fff909e0948
0x00007ffee8232750:   0000000000000000 00007fff909e08e8
0x00007ffee8232760:   0000000000000000 00007ffee8232760
0x00007ffee8232770:   0000002020000000 0000000000000000 

Instructions: (pc=0x0000000109346523)
0x0000000109346423:   bf 31 00 c7 83 a8 03 00 00 06 00 00 00 48 89 5d
0x0000000109346433:   c0 31 c0 48 89 45 c8 48 39 43 08 74 09 48 8d 7d
0x0000000109346443:   c0 e8 53 dd 24 00 4c 89 ff 4c 89 f6 90 0f 1f 40
0x0000000109346453:   00 4c 8d 3d f5 38 5a 00 49 8b 3f 48 8d 35 e8 ae
0x0000000109346463:   3d 00 31 c0 4c 89 f2 e8 bb b5 21 00 49 8b 37 48
0x0000000109346473:   89 df e8 4c d1 31 00 bf 01 00 00 00 e8 66 f8 20
0x0000000109346483:   00 48 83 7d c8 00 74 09 48 8d 7d c0 e8 56 dd 24
0x0000000109346493:   00 48 8b 9b f0 00 00 00 4c 8b 73 08 48 8b 43 10
0x00000001093464a3:   48 83 38 00 74 19 48 8b 73 28 4c 89 f7 e8 71 2a
0x00000001093464b3:   d2 ff 48 8b 7b 10 e8 2c 29 d2 ff 48 8b 43 10 49
0x00000001093464c3:   89 46 10 48 8b 43 18 49 89 46 18 48 8b 43 20 49
0x00000001093464d3:   89 46 20 48 8d 7d e0 e8 31 6b 33 00 48 83 c4 28
0x00000001093464e3:   5b 41 5e 41 5f 5d c3 55 48 89 e5 41 57 41 56 53
0x00000001093464f3:   48 83 ec 28 41 89 f6 49 89 ff 49 8d 9f d0 fc ff
0x0000000109346503:   ff b8 55 21 ff ff 41 03 87 90 00 00 00 83 f8 02
0x0000000109346513:   72 0a 48 89 df e8 e5 a3 31 00 31 db 48 89 5d e0
0x0000000109346523:   c7 83 a8 03 00 00 05 00 00 00 f0 83 04 24 00 48
0x0000000109346533:   8d 05 87 44 5a 00 83 38 01 75 1a 48 8b 03 48 89
0x0000000109346543:   df ff 50 30 84 c0 74 0d 48 8b 83 08 01 00 00 a8
0x0000000109346553:   08 74 0e eb 18 48 8d 05 39 44 5a 00 83 38 00 75
0x0000000109346563:   0c f7 83 d8 00 00 00 00 00 00 30 74 08 48 89 df
0x0000000109346573:   e8 86 be 31 00 c7 83 a8 03 00 00 06 00 00 00 48
0x0000000109346583:   89 5d c0 31 c0 48 89 45 c8 48 39 43 08 74 09 48
0x0000000109346593:   8d 7d c0 e8 01 dc 24 00 4c 89 ff 44 89 f6 90 0f
0x00000001093465a3:   1f 40 00 45 85 f6 78 17 48 8d 05 06 d1 52 00 48
0x00000001093465b3:   8b 00 48 85 c0 7e 1a 49 63 ce 48 39 c8 7d 12 41
0x00000001093465c3:   be ff ff ff ff bf ff ff ff ff 90 0f 1f 40 00 eb
0x00000001093465d3:   27 4c 8b b3 e0 00 00 00 48 89 df e8 49 88 03 00
0x00000001093465e3:   4c 89 b0 18 01 00 00 48 89 83 e0 00 00 00 45 31
0x00000001093465f3:   f6 31 ff 90 0f 1f 40 00 48 83 7d c8 00 74 09 48
0x0000000109346603:   8d 7d c0 e8 df db 24 00 48 8b 9b f0 00 00 00 4c
0x0000000109346613:   8b 7b 08 48 8b 43 10 48 83 38 00 74 19 48 8b 73 


Stack slot to memory mapping:
stack at sp + 0 slots: 0x0 is NULL
stack at sp + 1 slots: 0x0 is NULL
stack at sp + 2 slots: 0x0 is NULL
stack at sp + 3 slots: 
[error occurred during error reporting (inspecting top of stack), id 0xb, SIGSEGV (0xb) at pc=0x000000010966819e]


---------------  P R O C E S S  ---------------

VM state:not at safepoint (normal execution)

VM Mutex/Monitor currently owned by a thread: None

Heap address: 0x0000000780000000, size: 2048 MB, Compressed Oops mode: Zero based, Oop shift amount: 3
Narrow klass base: 0x0000000800000000, Narrow klass shift: 3
Compressed class space size: 1073741824 Address: 0x0000000801101000

Heap:
 garbage-first heap   total 159744K, used 28843K [0x0000000780000000, 0x0000000800000000)
  region size 1024K, 10 young (10240K), 5 survivors (5120K)
 Metaspace       used 16348K, capacity 16912K, committed 17280K, reserved 1064960K
  class space    used 2065K, capacity 2317K, committed 2432K, reserved 1048576K
Heap Regions: E=young(eden), S=young(survivor), O=old, HS=humongous(starts), HC=humongous(continues), CS=collection set, F=free, A=archive, TAMS=top-at-mark-start (previous, next)
|   0|0x0000000780000000, 0x0000000780100000, 0x0000000780100000|100%|HS|  |TAMS 0x0000000780000000, 0x0000000780000000| Complete 
|   1|0x0000000780100000, 0x0000000780200000, 0x0000000780200000|100%|HC|  |TAMS 0x0000000780100000, 0x0000000780100000| Complete 
|   2|0x0000000780200000, 0x0000000780300000, 0x0000000780300000|100%|HC|  |TAMS 0x0000000780200000, 0x0000000780200000| Complete 
|   3|0x0000000780300000, 0x0000000780400000, 0x0000000780400000|100%|HC|  |TAMS 0x0000000780300000, 0x0000000780300000| Complete 
|   4|0x0000000780400000, 0x0000000780500000, 0x0000000780500000|100%|HS|  |TAMS 0x0000000780400000, 0x0000000780400000| Complete 
|   5|0x0000000780500000, 0x0000000780600000, 0x0000000780600000|100%|HC|  |TAMS 0x0000000780500000, 0x0000000780500000| Complete 
|   6|0x0000000780600000, 0x0000000780700000, 0x0000000780700000|100%|HC|  |TAMS 0x0000000780600000, 0x0000000780600000| Complete 
|   7|0x0000000780700000, 0x0000000780800000, 0x0000000780800000|100%|HC|  |TAMS 0x0000000780700000, 0x0000000780700000| Complete 
|   8|0x0000000780800000, 0x0000000780900000, 0x0000000780900000|100%|HC|  |TAMS 0x0000000780800000, 0x0000000780800000| Complete 
|   9|0x0000000780900000, 0x0000000780a00000, 0x0000000780a00000|100%|HS|  |TAMS 0x0000000780900000, 0x0000000780900000| Complete 
|  10|0x0000000780a00000, 0x0000000780b00000, 0x0000000780b00000|100%|HC|  |TAMS 0x0000000780a00000, 0x0000000780a00000| Complete 
|  11|0x0000000780b00000, 0x0000000780c00000, 0x0000000780c00000|100%|HC|  |TAMS 0x0000000780b00000, 0x0000000780b00000| Complete 
|  12|0x0000000780c00000, 0x0000000780d00000, 0x0000000780d00000|100%|HC|  |TAMS 0x0000000780c00000, 0x0000000780c00000| Complete 
|  13|0x0000000780d00000, 0x0000000780e00000, 0x0000000780e00000|100%|HC|  |TAMS 0x0000000780d00000, 0x0000000780d00000| Complete 
|  14|0x0000000780e00000, 0x0000000780f00000, 0x0000000780f00000|100%|HS|  |TAMS 0x0000000780e00000, 0x0000000780e00000| Complete 
|  15|0x0000000780f00000, 0x0000000781000000, 0x0000000781000000|100%|HC|  |TAMS 0x0000000780f00000, 0x0000000780f00000| Complete 
|  16|0x0000000781000000, 0x0000000781100000, 0x0000000781100000|100%|HC|  |TAMS 0x0000000781000000, 0x0000000781000000| Complete 
|  17|0x0000000781100000, 0x0000000781200000, 0x0000000781200000|100%|HC|  |TAMS 0x0000000781100000, 0x0000000781100000| Complete 
|  18|0x0000000781200000, 0x0000000781300000, 0x0000000781300000|100%|HC|  |TAMS 0x0000000781200000, 0x0000000781200000| Complete 
|  19|0x0000000781300000, 0x0000000781300000, 0x0000000781400000|  0%| F|  |TAMS 0x0000000781300000, 0x0000000781300000| Untracked 
|  20|0x0000000781400000, 0x0000000781400000, 0x0000000781500000|  0%| F|  |TAMS 0x0000000781400000, 0x0000000781400000| Untracked 
|  21|0x0000000781500000, 0x0000000781500000, 0x0000000781600000|  0%| F|  |TAMS 0x0000000781500000, 0x0000000781500000| Untracked 
|  22|0x0000000781600000, 0x0000000781600000, 0x0000000781700000|  0%| F|  |TAMS 0x0000000781600000, 0x0000000781600000| Untracked 
|  23|0x0000000781700000, 0x0000000781700000, 0x0000000781800000|  0%| F|  |TAMS 0x0000000781700000, 0x0000000781700000| Untracked 
|  24|0x0000000781800000, 0x0000000781800000, 0x0000000781900000|  0%| F|  |TAMS 0x0000000781800000, 0x0000000781800000| Untracked 
|  25|0x0000000781900000, 0x0000000781900000, 0x0000000781a00000|  0%| F|  |TAMS 0x0000000781900000, 0x0000000781900000| Untracked 
|  26|0x0000000781a00000, 0x0000000781a00000, 0x0000000781b00000|  0%| F|  |TAMS 0x0000000781a00000, 0x0000000781a00000| Untracked 
|  27|0x0000000781b00000, 0x0000000781b00000, 0x0000000781c00000|  0%| F|  |TAMS 0x0000000781b00000, 0x0000000781b00000| Untracked 
|  28|0x0000000781c00000, 0x0000000781c00000, 0x0000000781d00000|  0%| F|  |TAMS 0x0000000781c00000, 0x0000000781c00000| Untracked 
|  29|0x0000000781d00000, 0x0000000781d00000, 0x0000000781e00000|  0%| F|  |TAMS 0x0000000781d00000, 0x0000000781d00000| Untracked 
|  30|0x0000000781e00000, 0x0000000781e00000, 0x0000000781f00000|  0%| F|  |TAMS 0x0000000781e00000, 0x0000000781e00000| Untracked 
|  31|0x0000000781f00000, 0x0000000781f00000, 0x0000000782000000|  0%| F|  |TAMS 0x0000000781f00000, 0x0000000781f00000| Untracked 
|  32|0x0000000782000000, 0x0000000782000000, 0x0000000782100000|  0%| F|  |TAMS 0x0000000782000000, 0x0000000782000000| Untracked 
|  33|0x0000000782100000, 0x0000000782100000, 0x0000000782200000|  0%| F|  |TAMS 0x0000000782100000, 0x0000000782100000| Untracked 
|  34|0x0000000782200000, 0x0000000782200000, 0x0000000782300000|  0%| F|  |TAMS 0x0000000782200000, 0x0000000782200000| Untracked 
|  35|0x0000000782300000, 0x0000000782300000, 0x0000000782400000|  0%| F|  |TAMS 0x0000000782300000, 0x0000000782300000| Untracked 
|  36|0x0000000782400000, 0x0000000782400000, 0x0000000782500000|  0%| F|  |TAMS 0x0000000782400000, 0x0000000782400000| Untracked 
|  37|0x0000000782500000, 0x0000000782500000, 0x0000000782600000|  0%| F|  |TAMS 0x0000000782500000, 0x0000000782500000| Untracked 
|  38|0x0000000782600000, 0x0000000782600000, 0x0000000782700000|  0%| F|  |TAMS 0x0000000782600000, 0x0000000782600000| Untracked 
|  39|0x0000000782700000, 0x0000000782700000, 0x0000000782800000|  0%| F|  |TAMS 0x0000000782700000, 0x0000000782700000| Untracked 
|  40|0x0000000782800000, 0x0000000782800000, 0x0000000782900000|  0%| F|  |TAMS 0x0000000782800000, 0x0000000782800000| Untracked 
|  41|0x0000000782900000, 0x0000000782900000, 0x0000000782a00000|  0%| F|  |TAMS 0x0000000782900000, 0x0000000782900000| Untracked 
|  42|0x0000000782a00000, 0x0000000782a00000, 0x0000000782b00000|  0%| F|  |TAMS 0x0000000782a00000, 0x0000000782a00000| Untracked 
|  43|0x0000000782b00000, 0x0000000782b00000, 0x0000000782c00000|  0%| F|  |TAMS 0x0000000782b00000, 0x0000000782b00000| Untracked 
|  44|0x0000000782c00000, 0x0000000782c00000, 0x0000000782d00000|  0%| F|  |TAMS 0x0000000782c00000, 0x0000000782c00000| Untracked 
|  45|0x0000000782d00000, 0x0000000782d00000, 0x0000000782e00000|  0%| F|  |TAMS 0x0000000782d00000, 0x0000000782d00000| Untracked 
|  46|0x0000000782e00000, 0x0000000782e00000, 0x0000000782f00000|  0%| F|  |TAMS 0x0000000782e00000, 0x0000000782e00000| Untracked 
|  47|0x0000000782f00000, 0x0000000782f72de0, 0x0000000783000000| 44%| S|CS|TAMS 0x0000000782f00000, 0x0000000782f00000| Complete 
|  48|0x0000000783000000, 0x0000000783000000, 0x0000000783100000|  0%| F|  |TAMS 0x0000000783000000, 0x0000000783000000| Untracked 
|  49|0x0000000783100000, 0x0000000783100000, 0x0000000783200000|  0%| F|  |TAMS 0x0000000783100000, 0x0000000783100000| Untracked 
|  50|0x0000000783200000, 0x0000000783200000, 0x0000000783300000|  0%| F|  |TAMS 0x0000000783200000, 0x0000000783200000| Untracked 
|  51|0x0000000783300000, 0x0000000783300000, 0x0000000783400000|  0%| F|  |TAMS 0x0000000783300000, 0x0000000783300000| Untracked 
|  52|0x0000000783400000, 0x0000000783500000, 0x0000000783500000|100%| S|CS|TAMS 0x0000000783400000, 0x0000000783400000| Complete 
|  53|0x0000000783500000, 0x0000000783600000, 0x0000000783600000|100%| S|CS|TAMS 0x0000000783500000, 0x0000000783500000| Complete 
|  54|0x0000000783600000, 0x0000000783700000, 0x0000000783700000|100%| S|CS|TAMS 0x0000000783600000, 0x0000000783600000| Complete 
|  55|0x0000000783700000, 0x0000000783800000, 0x0000000783800000|100%| S|CS|TAMS 0x0000000783700000, 0x0000000783700000| Complete 
|  56|0x0000000783800000, 0x0000000783800000, 0x0000000783900000|  0%| F|  |TAMS 0x0000000783800000, 0x0000000783800000| Untracked 
|  57|0x0000000783900000, 0x0000000783900000, 0x0000000783a00000|  0%| F|  |TAMS 0x0000000783900000, 0x0000000783900000| Untracked 
|  58|0x0000000783a00000, 0x0000000783a00000, 0x0000000783b00000|  0%| F|  |TAMS 0x0000000783a00000, 0x0000000783a00000| Untracked 
|  59|0x0000000783b00000, 0x0000000783b00000, 0x0000000783c00000|  0%| F|  |TAMS 0x0000000783b00000, 0x0000000783b00000| Untracked 
|  60|0x0000000783c00000, 0x0000000783c00000, 0x0000000783d00000|  0%| F|  |TAMS 0x0000000783c00000, 0x0000000783c00000| Untracked 
|  61|0x0000000783d00000, 0x0000000783d00000, 0x0000000783e00000|  0%| F|  |TAMS 0x0000000783d00000, 0x0000000783d00000| Untracked 
|  62|0x0000000783e00000, 0x0000000783e00000, 0x0000000783f00000|  0%| F|  |TAMS 0x0000000783e00000, 0x0000000783e00000| Untracked 
|  63|0x0000000783f00000, 0x0000000783f00000, 0x0000000784000000|  0%| F|  |TAMS 0x0000000783f00000, 0x0000000783f00000| Untracked 
|  64|0x0000000784000000, 0x0000000784000000, 0x0000000784100000|  0%| F|  |TAMS 0x0000000784000000, 0x0000000784000000| Untracked 
|  65|0x0000000784100000, 0x0000000784100000, 0x0000000784200000|  0%| F|  |TAMS 0x0000000784100000, 0x0000000784100000| Untracked 
|  66|0x0000000784200000, 0x0000000784200000, 0x0000000784300000|  0%| F|  |TAMS 0x0000000784200000, 0x0000000784200000| Untracked 
|  67|0x0000000784300000, 0x0000000784300000, 0x0000000784400000|  0%| F|  |TAMS 0x0000000784300000, 0x0000000784300000| Untracked 
|  68|0x0000000784400000, 0x0000000784400000, 0x0000000784500000|  0%| F|  |TAMS 0x0000000784400000, 0x0000000784400000| Untracked 
|  69|0x0000000784500000, 0x0000000784500000, 0x0000000784600000|  0%| F|  |TAMS 0x0000000784500000, 0x0000000784500000| Untracked 
|  70|0x0000000784600000, 0x0000000784600000, 0x0000000784700000|  0%| F|  |TAMS 0x0000000784600000, 0x0000000784600000| Untracked 
|  71|0x0000000784700000, 0x0000000784700000, 0x0000000784800000|  0%| F|  |TAMS 0x0000000784700000, 0x0000000784700000| Untracked 
|  72|0x0000000784800000, 0x0000000784800000, 0x0000000784900000|  0%| F|  |TAMS 0x0000000784800000, 0x0000000784800000| Untracked 
|  73|0x0000000784900000, 0x0000000784900000, 0x0000000784a00000|  0%| F|  |TAMS 0x0000000784900000, 0x0000000784900000| Untracked 
|  74|0x0000000784a00000, 0x0000000784a00000, 0x0000000784b00000|  0%| F|  |TAMS 0x0000000784a00000, 0x0000000784a00000| Untracked 
|  75|0x0000000784b00000, 0x0000000784b00000, 0x0000000784c00000|  0%| F|  |TAMS 0x0000000784b00000, 0x0000000784b00000| Untracked 
|  76|0x0000000784c00000, 0x0000000784c00000, 0x0000000784d00000|  0%| F|  |TAMS 0x0000000784c00000, 0x0000000784c00000| Untracked 
|  77|0x0000000784d00000, 0x0000000784d00000, 0x0000000784e00000|  0%| F|  |TAMS 0x0000000784d00000, 0x0000000784d00000| Untracked 
|  78|0x0000000784e00000, 0x0000000784e00000, 0x0000000784f00000|  0%| F|  |TAMS 0x0000000784e00000, 0x0000000784e00000| Untracked 
|  79|0x0000000784f00000, 0x0000000784f00000, 0x0000000785000000|  0%| F|  |TAMS 0x0000000784f00000, 0x0000000784f00000| Untracked 
|  80|0x0000000785000000, 0x0000000785000000, 0x0000000785100000|  0%| F|  |TAMS 0x0000000785000000, 0x0000000785000000| Untracked 
|  81|0x0000000785100000, 0x0000000785100000, 0x0000000785200000|  0%| F|  |TAMS 0x0000000785100000, 0x0000000785100000| Untracked 
|  82|0x0000000785200000, 0x0000000785200000, 0x0000000785300000|  0%| F|  |TAMS 0x0000000785200000, 0x0000000785200000| Untracked 
|  83|0x0000000785300000, 0x0000000785300000, 0x0000000785400000|  0%| F|  |TAMS 0x0000000785300000, 0x0000000785300000| Untracked 
|  84|0x0000000785400000, 0x0000000785400000, 0x0000000785500000|  0%| F|  |TAMS 0x0000000785400000, 0x0000000785400000| Untracked 
|  85|0x0000000785500000, 0x0000000785500000, 0x0000000785600000|  0%| F|  |TAMS 0x0000000785500000, 0x0000000785500000| Untracked 
|  86|0x0000000785600000, 0x0000000785600000, 0x0000000785700000|  0%| F|  |TAMS 0x0000000785600000, 0x0000000785600000| Untracked 
|  87|0x0000000785700000, 0x0000000785700000, 0x0000000785800000|  0%| F|  |TAMS 0x0000000785700000, 0x0000000785700000| Untracked 
|  88|0x0000000785800000, 0x0000000785800000, 0x0000000785900000|  0%| F|  |TAMS 0x0000000785800000, 0x0000000785800000| Untracked 
|  89|0x0000000785900000, 0x0000000785900000, 0x0000000785a00000|  0%| F|  |TAMS 0x0000000785900000, 0x0000000785900000| Untracked 
|  90|0x0000000785a00000, 0x0000000785a00000, 0x0000000785b00000|  0%| F|  |TAMS 0x0000000785a00000, 0x0000000785a00000| Untracked 
|  91|0x0000000785b00000, 0x0000000785b00000, 0x0000000785c00000|  0%| F|  |TAMS 0x0000000785b00000, 0x0000000785b00000| Untracked 
|  92|0x0000000785c00000, 0x0000000785c00000, 0x0000000785d00000|  0%| F|  |TAMS 0x0000000785c00000, 0x0000000785c00000| Untracked 
|  93|0x0000000785d00000, 0x0000000785d00000, 0x0000000785e00000|  0%| F|  |TAMS 0x0000000785d00000, 0x0000000785d00000| Untracked 
|  94|0x0000000785e00000, 0x0000000785e00000, 0x0000000785f00000|  0%| F|  |TAMS 0x0000000785e00000, 0x0000000785e00000| Untracked 
|  95|0x0000000785f00000, 0x0000000785f00000, 0x0000000786000000|  0%| F|  |TAMS 0x0000000785f00000, 0x0000000785f00000| Untracked 
|  96|0x0000000786000000, 0x0000000786000000, 0x0000000786100000|  0%| F|  |TAMS 0x0000000786000000, 0x0000000786000000| Untracked 
|  97|0x0000000786100000, 0x0000000786100000, 0x0000000786200000|  0%| F|  |TAMS 0x0000000786100000, 0x0000000786100000| Untracked 
|  98|0x0000000786200000, 0x0000000786200000, 0x0000000786300000|  0%| F|  |TAMS 0x0000000786200000, 0x0000000786200000| Untracked 
|  99|0x0000000786300000, 0x0000000786300000, 0x0000000786400000|  0%| F|  |TAMS 0x0000000786300000, 0x0000000786300000| Untracked 
| 100|0x0000000786400000, 0x0000000786400000, 0x0000000786500000|  0%| F|  |TAMS 0x0000000786400000, 0x0000000786400000| Untracked 
| 101|0x0000000786500000, 0x0000000786500000, 0x0000000786600000|  0%| F|  |TAMS 0x0000000786500000, 0x0000000786500000| Untracked 
| 102|0x0000000786600000, 0x0000000786600000, 0x0000000786700000|  0%| F|  |TAMS 0x0000000786600000, 0x0000000786600000| Untracked 
| 103|0x0000000786700000, 0x0000000786700000, 0x0000000786800000|  0%| F|  |TAMS 0x0000000786700000, 0x0000000786700000| Untracked 
| 104|0x0000000786800000, 0x0000000786800000, 0x0000000786900000|  0%| F|  |TAMS 0x0000000786800000, 0x0000000786800000| Untracked 
| 105|0x0000000786900000, 0x0000000786900000, 0x0000000786a00000|  0%| F|  |TAMS 0x0000000786900000, 0x0000000786900000| Untracked 
| 106|0x0000000786a00000, 0x0000000786a00000, 0x0000000786b00000|  0%| F|  |TAMS 0x0000000786a00000, 0x0000000786a00000| Untracked 
| 107|0x0000000786b00000, 0x0000000786b00000, 0x0000000786c00000|  0%| F|  |TAMS 0x0000000786b00000, 0x0000000786b00000| Untracked 
| 108|0x0000000786c00000, 0x0000000786c00000, 0x0000000786d00000|  0%| F|  |TAMS 0x0000000786c00000, 0x0000000786c00000| Untracked 
| 109|0x0000000786d00000, 0x0000000786d00000, 0x0000000786e00000|  0%| F|  |TAMS 0x0000000786d00000, 0x0000000786d00000| Untracked 
| 110|0x0000000786e00000, 0x0000000786e00000, 0x0000000786f00000|  0%| F|  |TAMS 0x0000000786e00000, 0x0000000786e00000| Untracked 
| 111|0x0000000786f00000, 0x0000000786f00000, 0x0000000787000000|  0%| F|  |TAMS 0x0000000786f00000, 0x0000000786f00000| Untracked 
| 112|0x0000000787000000, 0x0000000787000000, 0x0000000787100000|  0%| F|  |TAMS 0x0000000787000000, 0x0000000787000000| Untracked 
| 113|0x0000000787100000, 0x0000000787100000, 0x0000000787200000|  0%| F|  |TAMS 0x0000000787100000, 0x0000000787100000| Untracked 
| 114|0x0000000787200000, 0x0000000787200000, 0x0000000787300000|  0%| F|  |TAMS 0x0000000787200000, 0x0000000787200000| Untracked 
| 115|0x0000000787300000, 0x0000000787300000, 0x0000000787400000|  0%| F|  |TAMS 0x0000000787300000, 0x0000000787300000| Untracked 
| 116|0x0000000787400000, 0x0000000787400000, 0x0000000787500000|  0%| F|  |TAMS 0x0000000787400000, 0x0000000787400000| Untracked 
| 117|0x0000000787500000, 0x0000000787500000, 0x0000000787600000|  0%| F|  |TAMS 0x0000000787500000, 0x0000000787500000| Untracked 
| 118|0x0000000787600000, 0x0000000787600000, 0x0000000787700000|  0%| F|  |TAMS 0x0000000787600000, 0x0000000787600000| Untracked 
| 119|0x0000000787700000, 0x0000000787700000, 0x0000000787800000|  0%| F|  |TAMS 0x0000000787700000, 0x0000000787700000| Untracked 
| 120|0x0000000787800000, 0x0000000787800000, 0x0000000787900000|  0%| F|  |TAMS 0x0000000787800000, 0x0000000787800000| Untracked 
| 121|0x0000000787900000, 0x0000000787900000, 0x0000000787a00000|  0%| F|  |TAMS 0x0000000787900000, 0x0000000787900000| Untracked 
| 122|0x0000000787a00000, 0x0000000787a00000, 0x0000000787b00000|  0%| F|  |TAMS 0x0000000787a00000, 0x0000000787a00000| Untracked 
| 123|0x0000000787b00000, 0x0000000787b00000, 0x0000000787c00000|  0%| F|  |TAMS 0x0000000787b00000, 0x0000000787b00000| Untracked 
| 124|0x0000000787c00000, 0x0000000787c00000, 0x0000000787d00000|  0%| F|  |TAMS 0x0000000787c00000, 0x0000000787c00000| Untracked 
| 125|0x0000000787d00000, 0x0000000787d00000, 0x0000000787e00000|  0%| F|  |TAMS 0x0000000787d00000, 0x0000000787d00000| Untracked 
| 126|0x0000000787e00000, 0x0000000787e00000, 0x0000000787f00000|  0%| F|  |TAMS 0x0000000787e00000, 0x0000000787e00000| Untracked 
| 127|0x0000000787f00000, 0x0000000787f00000, 0x0000000788000000|  0%| F|  |TAMS 0x0000000787f00000, 0x0000000787f00000| Untracked 
| 128|0x0000000788000000, 0x0000000788000000, 0x0000000788100000|  0%| F|  |TAMS 0x0000000788000000, 0x0000000788000000| Untracked 
| 129|0x0000000788100000, 0x0000000788100000, 0x0000000788200000|  0%| F|  |TAMS 0x0000000788100000, 0x0000000788100000| Untracked 
| 130|0x0000000788200000, 0x0000000788200000, 0x0000000788300000|  0%| F|  |TAMS 0x0000000788200000, 0x0000000788200000| Untracked 
| 131|0x0000000788300000, 0x0000000788300000, 0x0000000788400000|  0%| F|  |TAMS 0x0000000788300000, 0x0000000788300000| Untracked 
| 132|0x0000000788400000, 0x0000000788400000, 0x0000000788500000|  0%| F|  |TAMS 0x0000000788400000, 0x0000000788400000| Untracked 
| 133|0x0000000788500000, 0x0000000788500000, 0x0000000788600000|  0%| F|  |TAMS 0x0000000788500000, 0x0000000788500000| Untracked 
| 134|0x0000000788600000, 0x0000000788600000, 0x0000000788700000|  0%| F|  |TAMS 0x0000000788600000, 0x0000000788600000| Untracked 
| 135|0x0000000788700000, 0x0000000788700000, 0x0000000788800000|  0%| F|  |TAMS 0x0000000788700000, 0x0000000788700000| Untracked 
| 136|0x0000000788800000, 0x0000000788800000, 0x0000000788900000|  0%| F|  |TAMS 0x0000000788800000, 0x0000000788800000| Untracked 
| 137|0x0000000788900000, 0x0000000788900000, 0x0000000788a00000|  0%| F|  |TAMS 0x0000000788900000, 0x0000000788900000| Untracked 
| 138|0x0000000788a00000, 0x0000000788a00000, 0x0000000788b00000|  0%| F|  |TAMS 0x0000000788a00000, 0x0000000788a00000| Untracked 
| 139|0x0000000788b00000, 0x0000000788b00000, 0x0000000788c00000|  0%| F|  |TAMS 0x0000000788b00000, 0x0000000788b00000| Untracked 
| 140|0x0000000788c00000, 0x0000000788c00000, 0x0000000788d00000|  0%| F|  |TAMS 0x0000000788c00000, 0x0000000788c00000| Untracked 
| 141|0x0000000788d00000, 0x0000000788d00000, 0x0000000788e00000|  0%| F|  |TAMS 0x0000000788d00000, 0x0000000788d00000| Untracked 
| 142|0x0000000788e00000, 0x0000000788e00000, 0x0000000788f00000|  0%| F|  |TAMS 0x0000000788e00000, 0x0000000788e00000| Untracked 
| 143|0x0000000788f00000, 0x0000000788f00000, 0x0000000789000000|  0%| F|  |TAMS 0x0000000788f00000, 0x0000000788f00000| Untracked 
| 144|0x0000000789000000, 0x0000000789000000, 0x0000000789100000|  0%| F|  |TAMS 0x0000000789000000, 0x0000000789000000| Untracked 
| 145|0x0000000789100000, 0x0000000789100000, 0x0000000789200000|  0%| F|  |TAMS 0x0000000789100000, 0x0000000789100000| Untracked 
| 146|0x0000000789200000, 0x0000000789200000, 0x0000000789300000|  0%| F|  |TAMS 0x0000000789200000, 0x0000000789200000| Untracked 
| 147|0x0000000789300000, 0x0000000789300000, 0x0000000789400000|  0%| F|  |TAMS 0x0000000789300000, 0x0000000789300000| Untracked 
| 148|0x0000000789400000, 0x0000000789400000, 0x0000000789500000|  0%| F|  |TAMS 0x0000000789400000, 0x0000000789400000| Untracked 
| 149|0x0000000789500000, 0x000000078955ab40, 0x0000000789600000| 35%| E|  |TAMS 0x0000000789500000, 0x0000000789500000| Complete 
| 150|0x0000000789600000, 0x0000000789700000, 0x0000000789700000|100%| E|CS|TAMS 0x0000000789600000, 0x0000000789600000| Complete 
| 151|0x0000000789700000, 0x0000000789800000, 0x0000000789800000|100%| E|CS|TAMS 0x0000000789700000, 0x0000000789700000| Complete 
| 152|0x0000000789800000, 0x0000000789900000, 0x0000000789900000|100%| E|CS|TAMS 0x0000000789800000, 0x0000000789800000| Complete 
| 153|0x0000000789900000, 0x0000000789a00000, 0x0000000789a00000|100%| E|CS|TAMS 0x0000000789900000, 0x0000000789900000| Complete 
|1022|0x00000007bfe00000, 0x00000007bfe48000, 0x00000007bff00000| 28%|OA|  |TAMS 0x00000007bfe00000, 0x00000007bfe00000| Untracked 
|1023|0x00000007bff00000, 0x00000007bff70000, 0x00000007c0000000| 43%|CA|  |TAMS 0x00000007bff00000, 0x00000007bff00000| Untracked 

Card table byte_map: [0x0000000121acd000,0x0000000121ecd000] _byte_map_base: 0x000000011decd000

Marking Bits (Prev, Next): (CMBitMap*) 0x00007fac0d000018, (CMBitMap*) 0x00007fac0d000058
 Prev Bits: [0x00000001222cd000, 0x00000001242cd000)
 Next Bits: [0x00000001242cd000, 0x00000001262cd000)

Polling page: 0x00000001079f6000

Metaspace:

Usage:
  Non-class:     14.25 MB capacity,    13.95 MB ( 98%) used,   247.20 KB (  2%) free+waste,    64.12 KB ( <1%) overhead. 
      Class:      2.26 MB capacity,     2.02 MB ( 89%) used,   214.71 KB (  9%) free+waste,    37.06 KB (  2%) overhead. 
       Both:     16.52 MB capacity,    15.97 MB ( 97%) used,   461.91 KB (  3%) free+waste,   101.19 KB ( <1%) overhead. 

Virtual space:
  Non-class space:       16.00 MB reserved,      14.50 MB ( 91%) committed 
      Class space:        1.00 GB reserved,       2.38 MB ( <1%) committed 
             Both:        1.02 GB reserved,      16.88 MB (  2%) committed 

Chunk freelists:
   Non-Class:  12.12 KB
       Class:  0 bytes
        Both:  12.12 KB

CodeHeap 'non-profiled nmethods': size=120032Kb used=643Kb max_used=643Kb free=119388Kb
 bounds [0x0000000119b85000, 0x0000000119df5000, 0x00000001210bd000]
CodeHeap 'profiled nmethods': size=120028Kb used=3380Kb max_used=3380Kb free=116647Kb
 bounds [0x000000011264e000, 0x000000011299e000, 0x0000000119b85000]
CodeHeap 'non-nmethods': size=5700Kb used=1379Kb max_used=1402Kb free=4320Kb
 bounds [0x00000001120bd000, 0x000000011232d000, 0x000000011264e000]
 total_blobs=3062 nmethods=1743 adapters=745
 compilation: enabled
              stopped_count=0, restarted_count=0
 full_count=0

Compilation events (10 events):
Event: 15.183 Thread 0x00007fac0c807000 nmethod 1900 0x0000000112999a10 code [0x0000000112999ce0, 0x000000011299aa48]
Event: 15.183 Thread 0x00007fac0c807000 1901       3       java.lang.invoke.MethodHandles$Lookup::getDirectMethodForConstant (71 bytes)
Event: 15.184 Thread 0x00007fac0c807000 nmethod 1901 0x000000011299ae90 code [0x000000011299b1a0, 0x000000011299c108]
Event: 15.209 Thread 0x00007fac0a811000 nmethod 1902 0x0000000119c1fa10 code [0x0000000119c1fc40, 0x0000000119c20ff0]
Event: 15.209 Thread 0x00007fac0a811000 1903       4       java.lang.invoke.MethodType::makeImpl (108 bytes)
Event: 15.271 Thread 0x00007fac0a811000 nmethod 1903 0x0000000119c21c10 code [0x0000000119c21fc0, 0x0000000119c24e78]
Event: 15.718 Thread 0x00007fac0c807000 1904       3       sun.java2d.pipe.RenderQueue::unlock (4 bytes)
Event: 15.719 Thread 0x00007fac0c807000 nmethod 1904 0x000000011299c690 code [0x000000011299c860, 0x000000011299cb68]
Event: 15.719 Thread 0x00007fac0c807000 1905       3       sun.awt.SunToolkit::awtUnlock (7 bytes)
Event: 15.719 Thread 0x00007fac0c807000 nmethod 1905 0x000000011299cc90 code [0x000000011299ce60, 0x000000011299d0e8]

GC Heap History (10 events):
Event: 0.848 GC heap before
{Heap before GC invocations=0 (full 0):
 garbage-first heap   total 133120K, used 28384K [0x0000000780000000, 0x0000000800000000)
  region size 1024K, 24 young (24576K), 0 survivors (0K)
 Metaspace       used 7901K, capacity 8282K, committed 8576K, reserved 1056768K
  class space    used 895K, capacity 1048K, committed 1152K, reserved 1048576K
}
Event: 0.858 GC heap after
{Heap after GC invocations=1 (full 0):
 garbage-first heap   total 133120K, used 7617K [0x0000000780000000, 0x0000000800000000)
  region size 1024K, 3 young (3072K), 3 survivors (3072K)
 Metaspace       used 7901K, capacity 8282K, committed 8576K, reserved 1056768K
  class space    used 895K, capacity 1048K, committed 1152K, reserved 1048576K
}
Event: 1.046 GC heap before
{Heap before GC invocations=1 (full 0):
 garbage-first heap   total 133120K, used 82369K [0x0000000780000000, 0x0000000800000000)
  region size 1024K, 76 young (77824K), 3 survivors (3072K)
 Metaspace       used 10096K, capacity 10533K, committed 10624K, reserved 1058816K
  class space    used 1202K, capacity 1405K, committed 1408K, reserved 1048576K
}
Event: 1.049 GC heap after
{Heap after GC invocations=2 (full 0):
 garbage-first heap   total 133120K, used 8077K [0x0000000780000000, 0x0000000800000000)
  region size 1024K, 4 young (4096K), 4 survivors (4096K)
 Metaspace       used 10096K, capacity 10533K, committed 10624K, reserved 1058816K
  class space    used 1202K, capacity 1405K, committed 1408K, reserved 1048576K
}
Event: 1.102 GC heap before
{Heap before GC invocations=2 (full 0):
 garbage-first heap   total 133120K, used 81805K [0x0000000780000000, 0x0000000800000000)
  region size 1024K, 76 young (77824K), 4 survivors (4096K)
 Metaspace       used 10098K, capacity 10533K, committed 10624K, reserved 1058816K
  class space    used 1202K, capacity 1405K, committed 1408K, reserved 1048576K
}
Event: 1.105 GC heap after
{Heap after GC invocations=3 (full 0):
 garbage-first heap   total 133120K, used 8271K [0x0000000780000000, 0x0000000800000000)
  region size 1024K, 4 young (4096K), 4 survivors (4096K)
 Metaspace       used 10098K, capacity 10533K, committed 10624K, reserved 1058816K
  class space    used 1202K, capacity 1405K, committed 1408K, reserved 1048576K
}
Event: 1.163 GC heap before
{Heap before GC invocations=3 (full 0):
 garbage-first heap   total 133120K, used 81999K [0x0000000780000000, 0x0000000800000000)
  region size 1024K, 76 young (77824K), 4 survivors (4096K)
 Metaspace       used 10114K, capacity 10597K, committed 10624K, reserved 1058816K
  class space    used 1202K, capacity 1405K, committed 1408K, reserved 1048576K
}
Event: 1.166 GC heap after
{Heap after GC invocations=4 (full 0):
 garbage-first heap   total 133120K, used 8191K [0x0000000780000000, 0x0000000800000000)
  region size 1024K, 4 young (4096K), 4 survivors (4096K)
 Metaspace       used 10114K, capacity 10597K, committed 10624K, reserved 1058816K
  class space    used 1202K, capacity 1405K, committed 1408K, reserved 1048576K
}
Event: 10.366 GC heap before
{Heap before GC invocations=4 (full 0):
 garbage-first heap   total 133120K, used 97279K [0x0000000780000000, 0x0000000800000000)
  region size 1024K, 76 young (77824K), 4 survivors (4096K)
 Metaspace       used 15745K, capacity 16292K, committed 16384K, reserved 1062912K
  class space    used 1980K, capacity 2256K, committed 2304K, reserved 1048576K
}
Event: 10.371 GC heap after
{Heap after GC invocations=5 (full 0):
 garbage-first heap   total 159744K, used 24747K [0x0000000780000000, 0x0000000800000000)
  region size 1024K, 5 young (5120K), 5 survivors (5120K)
 Metaspace       used 15745K, capacity 16292K, committed 16384K, reserved 1062912K
  class space    used 1980K, capacity 2256K, committed 2304K, reserved 1048576K
}

Deoptimization events (10 events):
Event: 1.205 Thread 0x00007fac0ba00000 Uncommon trap: reason=unreached action=reinterpret pc=0x0000000119beeed4 method=projetImage.Util.getHistoProjection(Ljava/awt/image/BufferedImage;I)Ljava/awt/image/BufferedImage; @ 160 c2
Event: 1.205 Thread 0x00007fac0ba00000 Uncommon trap: reason=class_check action=maybe_recompile pc=0x0000000119be83f0 method=java.awt.image.BufferedImage.setRGB(III)V @ 12 c2
Event: 1.205 Thread 0x00007fac0ba00000 Uncommon trap: reason=class_check action=maybe_recompile pc=0x0000000119be83f0 method=java.awt.image.BufferedImage.setRGB(III)V @ 12 c2
Event: 1.205 Thread 0x00007fac0ba00000 Uncommon trap: reason=class_check action=maybe_recompile pc=0x0000000119be83f0 method=java.awt.image.BufferedImage.setRGB(III)V @ 12 c2
Event: 1.205 Thread 0x00007fac0ba00000 Uncommon trap: reason=class_check action=maybe_recompile pc=0x0000000119be83f0 method=java.awt.image.BufferedImage.setRGB(III)V @ 12 c2
Event: 1.246 Thread 0x00007fac0ba00000 Uncommon trap: reason=class_check action=maybe_recompile pc=0x0000000119be56a4 method=java.awt.image.BufferedImage.getRGB(II)I @ 11 c2
Event: 1.246 Thread 0x00007fac0ba00000 Uncommon trap: reason=class_check action=maybe_recompile pc=0x0000000119be56a4 method=java.awt.image.BufferedImage.getRGB(II)I @ 11 c2
Event: 1.246 Thread 0x00007fac0ba00000 Uncommon trap: reason=class_check action=maybe_recompile pc=0x0000000119be56a4 method=java.awt.image.BufferedImage.getRGB(II)I @ 11 c2
Event: 1.246 Thread 0x00007fac0ba00000 Uncommon trap: reason=class_check action=maybe_recompile pc=0x0000000119be56a4 method=java.awt.image.BufferedImage.getRGB(II)I @ 11 c2
Event: 1.396 Thread 0x00007fac0ba00000 Uncommon trap: reason=unstable_if action=reinterpret pc=0x0000000119bd0ed4 method=java.lang.StringLatin1.canEncode(I)Z @ 4 c2

Classes redefined (0 events):
No events

Internal exceptions (10 events):
Event: 1.288 Thread 0x00007fac0ba00000 Exception <a 'java/lang/NoSuchMethodError'{0x0000000784466d30}: java.lang.invoke.DirectMethodHandle$Holder.invokeStaticInit(Ljava/lang/Object;Ljava/lang/Object;Ljava/lang/Object;Ljava/lang/Object;)Ljava/lang/Object;> (0x0000000784466d30) thrown at [/scrat
Event: 1.289 Thread 0x00007fac0ba00000 Exception <a 'java/lang/NullPointerException'{0x0000000784474050}> (0x0000000784474050) thrown at [/scratch/mesos/slaves/ae206c0d-865c-4d69-a16b-c4e90bf2719f-S399/frameworks/1735e8a2-a1db-478c-8104-60c8b0af87dd-0196/executors/d4337cad-8111-46d8-8d39-fb2ce
Event: 1.291 Thread 0x00007fac0ba00000 Exception <a 'java/lang/NoSuchMethodError'{0x0000000784493c88}: java.lang.invoke.DirectMethodHandle$Holder.invokeSpecial(Ljava/lang/Object;Ljava/lang/Object;Ljava/lang/Object;Ljava/lang/Object;Ljava/lang/Object;)V> (0x0000000784493c88) thrown at [/scratch
Event: 1.732 Thread 0x00007fac0b098800 Exception <a 'java/lang/NoSuchMethodError'{0x0000000783a02f08}: java.lang.invoke.DirectMethodHandle$Holder.invokeStaticInit(Ljava/lang/Object;Ljava/lang/Object;)I> (0x0000000783a02f08) thrown at [/scratch/mesos/slaves/ae206c0d-865c-4d69-a16b-c4e90bf2719f-
Event: 2.019 Thread 0x00007fac0ba00000 Exception <a 'java/lang/NoSuchMethodError'{0x0000000783aa99d0}: java.lang.invoke.DirectMethodHandle$Holder.invokeStatic(Ljava/lang/Object;Ljava/lang/Object;JIII)Ljava/lang/Object;> (0x0000000783aa99d0) thrown at [/scratch/mesos/slaves/ae206c0d-865c-4d69-a
Event: 2.020 Thread 0x00007fac0ba00000 Exception <a 'java/lang/NoSuchMethodError'{0x0000000783abc1c0}: java.lang.invoke.DirectMethodHandle$Holder.invokeStatic(Ljava/lang/Object;Ljava/lang/Object;ILjava/lang/Object;JIIII)Ljava/lang/Object;> (0x0000000783abc1c0) thrown at [/scratch/mesos/slaves/
Event: 10.374 Thread 0x00007fac0d013000 Exception <a 'java/lang/NullPointerException'{0x0000000789980888}> (0x0000000789980888) thrown at [/scratch/mesos/slaves/ae206c0d-865c-4d69-a16b-c4e90bf2719f-S399/frameworks/1735e8a2-a1db-478c-8104-60c8b0af87dd-0196/executors/d4337cad-8111-46d8-8d39-fb2ce
Event: 10.375 Thread 0x00007fac0ba00000 Exception <a 'java/lang/NoSuchMethodError'{0x00000007899032d8}: java.lang.invoke.DirectMethodHandle$Holder.invokeStatic(Ljava/lang/Object;Ljava/lang/Object;)J> (0x00000007899032d8) thrown at [/scratch/mesos/slaves/ae206c0d-865c-4d69-a16b-c4e90bf2719f-S399
Event: 10.416 Thread 0x00007fac0ba00000 Exception <a 'java/lang/NoSuchMethodError'{0x0000000789882b70}: java.lang.invoke.DirectMethodHandle$Holder.invokeStaticInit(Ljava/lang/Object;Ljava/lang/Object;Ljava/lang/Object;)J> (0x0000000789882b70) thrown at [/scratch/mesos/slaves/ae206c0d-865c-4d69-
Event: 10.417 Thread 0x00007fac0ba00000 Exception <a 'java/lang/NoSuchMethodError'{0x0000000789701cd0}: java.lang.invoke.Invokers$Holder.linkToTargetMethod(Ljava/lang/Object;JLjava/lang/Object;)Ljava/lang/Object;> (0x0000000789701cd0) thrown at [/scratch/mesos/slaves/ae206c0d-865c-4d69-a16b-c4e

Events (10 events):
Event: 15.208 loading class com/sun/javafx/tk/quantum/QuantumToolkit done
Event: 15.208 Executing VM operation: RevokeBias
Event: 15.208 Executing VM operation: RevokeBias done
Event: 15.208 Thread 0x00007fac0b098800 Thread exited: 0x00007fac0b098800
Event: 15.208 Executing VM operation: RevokeBias
Event: 15.208 Executing VM operation: RevokeBias done
Event: 15.208 Thread 0x00007fac0c8d1000 Thread exited: 0x00007fac0c8d1000
Event: 15.208 Thread 0x00007fac0ba00000 Thread exited: 0x00007fac0ba00000
Event: 15.209 Thread 0x00007fac0b800800 Thread exited: 0x00007fac0b800800
Event: 15.209 Thread 0x00007fac0a934000 Thread added: 0x00007fac0a934000


Dynamic libraries:
0x00007fff6ef9f000 	/usr/lib/libz.1.dylib
0x00000001079d7000 	/Library/Java/JavaVirtualMachines/jdk-12.0.2.jdk/Contents/Home/lib/libjli.dylib
0x00007fff375ee000 	/System/Library/Frameworks/Cocoa.framework/Versions/A/Cocoa
0x00007fff44bba000 	/System/Library/Frameworks/Security.framework/Versions/A/Security
0x00007fff36579000 	/System/Library/Frameworks/ApplicationServices.framework/Versions/A/ApplicationServices
0x00007fff6ca72000 	/usr/lib/libSystem.B.dylib
0x00007fff6fa15000 	/usr/lib/system/libcache.dylib
0x00007fff6fa1b000 	/usr/lib/system/libcommonCrypto.dylib
0x00007fff6fa27000 	/usr/lib/system/libcompiler_rt.dylib
0x00007fff6fa2f000 	/usr/lib/system/libcopyfile.dylib
0x00007fff6fa39000 	/usr/lib/system/libcorecrypto.dylib
0x00007fff6fbe7000 	/usr/lib/system/libdispatch.dylib
0x00007fff6fc29000 	/usr/lib/system/libdyld.dylib
0x00007fff6fc5f000 	/usr/lib/system/libkeymgr.dylib
0x00007fff6fc6d000 	/usr/lib/system/liblaunch.dylib
0x00007fff6fc6e000 	/usr/lib/system/libmacho.dylib
0x00007fff6fc74000 	/usr/lib/system/libquarantine.dylib
0x00007fff6fc77000 	/usr/lib/system/libremovefile.dylib
0x00007fff6fc79000 	/usr/lib/system/libsystem_asl.dylib
0x00007fff6fc91000 	/usr/lib/system/libsystem_blocks.dylib
0x00007fff6fc92000 	/usr/lib/system/libsystem_c.dylib
0x00007fff6fd1a000 	/usr/lib/system/libsystem_configuration.dylib
0x00007fff6fd1e000 	/usr/lib/system/libsystem_coreservices.dylib
0x00007fff6fd22000 	/usr/lib/system/libsystem_darwin.dylib
0x00007fff6fd2b000 	/usr/lib/system/libsystem_dnssd.dylib
0x00007fff6fd33000 	/usr/lib/system/libsystem_featureflags.dylib
0x00007fff6fd35000 	/usr/lib/system/libsystem_info.dylib
0x00007fff6fdb0000 	/usr/lib/system/libsystem_m.dylib
0x00007fff6fdf8000 	/usr/lib/system/libsystem_malloc.dylib
0x00007fff6fe20000 	/usr/lib/system/libsystem_networkextension.dylib
0x00007fff6fe2e000 	/usr/lib/system/libsystem_notify.dylib
0x00007fff6fe4d000 	/usr/lib/system/libsystem_sandbox.dylib
0x00007fff6fe52000 	/usr/lib/system/libsystem_secinit.dylib
0x00007fff6fd83000 	/usr/lib/system/libsystem_kernel.dylib
0x00007fff6fe38000 	/usr/lib/system/libsystem_platform.dylib
0x00007fff6fe42000 	/usr/lib/system/libsystem_pthread.dylib
0x00007fff6fe55000 	/usr/lib/system/libsystem_symptoms.dylib
0x00007fff6fe5d000 	/usr/lib/system/libsystem_trace.dylib
0x00007fff6fe75000 	/usr/lib/system/libunwind.dylib
0x00007fff6fe7b000 	/usr/lib/system/libxpc.dylib
0x00007fff6e8c3000 	/usr/lib/libobjc.A.dylib
0x00007fff6cdac000 	/usr/lib/libc++abi.dylib
0x00007fff6cd58000 	/usr/lib/libc++.1.dylib
0x00007fff38564000 	/System/Library/Frameworks/CoreFoundation.framework/Versions/A/CoreFoundation
0x00007fff3ac29000 	/System/Library/Frameworks/Foundation.framework/Versions/C/Foundation
0x00007fff3576e000 	/System/Library/Frameworks/AppKit.framework/Versions/C/AppKit
0x00007fff38071000 	/System/Library/Frameworks/CoreData.framework/Versions/A/CoreData
0x00007fff6931d000 	/System/Library/PrivateFrameworks/UIFoundation.framework/Versions/A/UIFoundation
0x00007fff63b08000 	/System/Library/PrivateFrameworks/RemoteViewServices.framework/Versions/A/RemoteViewServices
0x00007fff6bdad000 	/System/Library/PrivateFrameworks/XCTTargetBootstrap.framework/Versions/A/XCTTargetBootstrap
0x00007fff38454000 	/System/Library/Frameworks/CoreDisplay.framework/Versions/A/CoreDisplay
0x00007fff3d9a1000 	/System/Library/Frameworks/Metal.framework/Versions/A/Metal
0x00007fff51f29000 	/System/Library/PrivateFrameworks/DesktopServicesPriv.framework/Versions/A/DesktopServicesPriv
0x00007fff6dba8000 	/usr/lib/liblangid.dylib
0x00007fff51080000 	/System/Library/PrivateFrameworks/CoreSVG.framework/Versions/A/CoreSVG
0x00007fff668ca000 	/System/Library/PrivateFrameworks/SkyLight.framework/Versions/A/SkyLight
0x00007fff389e6000 	/System/Library/Frameworks/CoreGraphics.framework/Versions/A/CoreGraphics
0x00007fff3430d000 	/System/Library/Frameworks/Accelerate.framework/Versions/A/Accelerate
0x00007fff6ee90000 	/usr/lib/libxml2.2.dylib
0x00007fff5cc47000 	/System/Library/PrivateFrameworks/IconServices.framework/Versions/A/IconServices
0x00007fff3b40d000 	/System/Library/Frameworks/IOSurface.framework/Versions/A/IOSurface
0x00007fff6c5aa000 	/usr/lib/libDiagnosticMessagesClient.dylib
0x00007fff51da2000 	/System/Library/PrivateFrameworks/DFRFoundation.framework/Versions/A/DFRFoundation
0x00007fff6d936000 	/usr/lib/libicucore.A.dylib
0x00007fff368ab000 	/System/Library/Frameworks/AudioToolbox.framework/Versions/A/AudioToolbox
0x00007fff3698d000 	/System/Library/Frameworks/AudioUnit.framework/Versions/A/AudioUnit
0x00007fff6cc73000 	/usr/lib/libauto.dylib
0x00007fff51e23000 	/System/Library/PrivateFrameworks/DataDetectorsCore.framework/Versions/A/DataDetectorsCore
0x00007fff3710e000 	/System/Library/Frameworks/Carbon.framework/Versions/A/Frameworks/HIToolbox.framework/Versions/A/HIToolbox
0x00007fff43dec000 	/System/Library/Frameworks/QuartzCore.framework/Versions/A/QuartzCore
0x00007fff3744d000 	/System/Library/Frameworks/Carbon.framework/Versions/A/Frameworks/SpeechRecognition.framework/Versions/A/SpeechRecognition
0x00007fff51728000 	/System/Library/PrivateFrameworks/CoreUI.framework/Versions/A/CoreUI
0x00007fff37ad7000 	/System/Library/Frameworks/CoreAudio.framework/Versions/A/CoreAudio
0x00007fff3a8f1000 	/System/Library/Frameworks/DiskArbitration.framework/Versions/A/DiskArbitration
0x00007fff5ec5b000 	/System/Library/PrivateFrameworks/MultitouchSupport.framework/Versions/A/MultitouchSupport
0x00007fff6d7fc000 	/usr/lib/libenergytrace.dylib
0x00007fff3b368000 	/System/Library/Frameworks/IOKit.framework/Versions/A/IOKit
0x00007fff39954000 	/System/Library/Frameworks/CoreServices.framework/Versions/A/CoreServices
0x00007fff60d65000 	/System/Library/PrivateFrameworks/PerformanceAnalysis.framework/Versions/A/PerformanceAnalysis
0x00007fff42e22000 	/System/Library/Frameworks/OpenGL.framework/Versions/A/OpenGL
0x00007fff375fc000 	/System/Library/Frameworks/ColorSync.framework/Versions/A/ColorSync
0x00007fff3906d000 	/System/Library/Frameworks/CoreImage.framework/Versions/A/CoreImage
0x00007fff3a3ca000 	/System/Library/Frameworks/CoreText.framework/Versions/A/CoreText
0x00007fff3b493000 	/System/Library/Frameworks/ImageIO.framework/Versions/A/ImageIO
0x00007fff6cdd4000 	/usr/lib/libcompression.dylib
0x00007fff6c8ec000 	/usr/lib/libMobileGestalt.dylib
0x00007fff683ff000 	/System/Library/PrivateFrameworks/TextureIO.framework/Versions/A/TextureIO
0x00007fff6cbd9000 	/usr/lib/libate.dylib
0x00007fff5ce50000 	/System/Library/PrivateFrameworks/InternationalSupport.framework/Versions/A/InternationalSupport
0x00007fff6dbaa000 	/usr/lib/liblzma.5.dylib
0x00007fff6d824000 	/usr/lib/libfakelink.dylib
0x00007fff6cb66000 	/usr/lib/libarchive.2.dylib
0x00007fff45d5a000 	/System/Library/Frameworks/SystemConfiguration.framework/Versions/A/SystemConfiguration
0x00007fff6c4db000 	/usr/lib/libCRFSuite.dylib
0x00007fff36d03000 	/System/Library/Frameworks/CFNetwork.framework/Versions/A/CFNetwork
0x00007fff6cd3a000 	/usr/lib/libbsm.0.dylib
0x00007fff6fc60000 	/usr/lib/system/libkxld.dylib
0x00007fff4b864000 	/System/Library/PrivateFrameworks/AppleFSCompression.framework/Versions/A/AppleFSCompression
0x00007fff6d0bb000 	/usr/lib/libcoretls.dylib
0x00007fff6d0d2000 	/usr/lib/libcoretls_cfhelpers.dylib
0x00007fff6e907000 	/usr/lib/libpam.2.dylib
0x00007fff6ea3a000 	/usr/lib/libsqlite3.dylib
0x00007fff6ee7d000 	/usr/lib/libxar.1.dylib
0x00007fff6cd4b000 	/usr/lib/libbz2.1.0.dylib
0x00007fff6d845000 	/usr/lib/libiconv.2.dylib
0x00007fff6cdc1000 	/usr/lib/libcharset.1.dylib
0x00007fff6e3ae000 	/usr/lib/libnetwork.dylib
0x00007fff6e90e000 	/usr/lib/libpcap.A.dylib
0x00007fff6cb1b000 	/usr/lib/libapple_nghttp2.dylib
0x00007fff39d0b000 	/System/Library/Frameworks/CoreServices.framework/Versions/A/Frameworks/FSEvents.framework/Versions/A/FSEvents
0x00007fff399db000 	/System/Library/Frameworks/CoreServices.framework/Versions/A/Frameworks/CarbonCore.framework/Versions/A/CarbonCore
0x00007fff39f4e000 	/System/Library/Frameworks/CoreServices.framework/Versions/A/Frameworks/Metadata.framework/Versions/A/Metadata
0x00007fff39fe7000 	/System/Library/Frameworks/CoreServices.framework/Versions/A/Frameworks/OSServices.framework/Versions/A/OSServices
0x00007fff3a015000 	/System/Library/Frameworks/CoreServices.framework/Versions/A/Frameworks/SearchKit.framework/Versions/A/SearchKit
0x00007fff39955000 	/System/Library/Frameworks/CoreServices.framework/Versions/A/Frameworks/AE.framework/Versions/A/AE
0x00007fff39d14000 	/System/Library/Frameworks/CoreServices.framework/Versions/A/Frameworks/LaunchServices.framework/Versions/A/LaunchServices
0x00007fff39cbd000 	/System/Library/Frameworks/CoreServices.framework/Versions/A/Frameworks/DictionaryServices.framework/Versions/A/DictionaryServices
0x00007fff3a07d000 	/System/Library/Frameworks/CoreServices.framework/Versions/A/Frameworks/SharedFileList.framework/Versions/A/SharedFileList
0x00007fff3ec76000 	/System/Library/Frameworks/NetFS.framework/Versions/A/NetFS
0x00007fff5f188000 	/System/Library/PrivateFrameworks/NetAuth.framework/Versions/A/NetAuth
0x00007fff6c178000 	/System/Library/PrivateFrameworks/login.framework/Versions/A/Frameworks/loginsupport.framework/Versions/A/loginsupport
0x00007fff67efa000 	/System/Library/PrivateFrameworks/TCC.framework/Versions/A/TCC
0x00007fff5044f000 	/System/Library/PrivateFrameworks/CoreNLP.framework/Versions/A/CoreNLP
0x00007fff5e68b000 	/System/Library/PrivateFrameworks/MetadataUtilities.framework/Versions/A/MetadataUtilities
0x00007fff6dc82000 	/usr/lib/libmecabra.dylib
0x00007fff6dbda000 	/usr/lib/libmecab.dylib
0x00007fff6d835000 	/usr/lib/libgermantok.dylib
0x00007fff6cb02000 	/usr/lib/libThaiTokenizer.dylib
0x00007fff6c513000 	/usr/lib/libChineseTokenizer.dylib
0x00007fff34325000 	/System/Library/Frameworks/Accelerate.framework/Versions/A/Frameworks/vImage.framework/Versions/A/vImage
0x00007fff355c8000 	/System/Library/Frameworks/Accelerate.framework/Versions/A/Frameworks/vecLib.framework/Versions/A/vecLib
0x00007fff3550c000 	/System/Library/Frameworks/Accelerate.framework/Versions/A/Frameworks/vecLib.framework/Versions/A/libvMisc.dylib
0x00007fff35332000 	/System/Library/Frameworks/Accelerate.framework/Versions/A/Frameworks/vecLib.framework/Versions/A/libvDSP.dylib
0x00007fff34991000 	/System/Library/Frameworks/Accelerate.framework/Versions/A/Frameworks/vecLib.framework/Versions/A/libBLAS.dylib
0x00007fff34eec000 	/System/Library/Frameworks/Accelerate.framework/Versions/A/Frameworks/vecLib.framework/Versions/A/libLAPACK.dylib
0x00007fff35292000 	/System/Library/Frameworks/Accelerate.framework/Versions/A/Frameworks/vecLib.framework/Versions/A/libLinearAlgebra.dylib
0x00007fff3531f000 	/System/Library/Frameworks/Accelerate.framework/Versions/A/Frameworks/vecLib.framework/Versions/A/libSparseBLAS.dylib
0x00007fff352a8000 	/System/Library/Frameworks/Accelerate.framework/Versions/A/Frameworks/vecLib.framework/Versions/A/libQuadrature.dylib
0x00007fff34bfb000 	/System/Library/Frameworks/Accelerate.framework/Versions/A/Frameworks/vecLib.framework/Versions/A/libBNNS.dylib
0x00007fff352ae000 	/System/Library/Frameworks/Accelerate.framework/Versions/A/Frameworks/vecLib.framework/Versions/A/libSparse.dylib
0x00007fff5d20f000 	/System/Library/PrivateFrameworks/LanguageModeling.framework/Versions/A/LanguageModeling
0x00007fff4fdeb000 	/System/Library/PrivateFrameworks/CoreEmoji.framework/Versions/A/CoreEmoji
0x00007fff5d32d000 	/System/Library/PrivateFrameworks/LinguisticData.framework/Versions/A/LinguisticData
0x00007fff5d2de000 	/System/Library/PrivateFrameworks/Lexicon.framework/Versions/A/Lexicon
0x00007fff6cdc2000 	/usr/lib/libcmph.dylib
0x00007fff41848000 	/System/Library/Frameworks/OpenDirectory.framework/Versions/A/Frameworks/CFOpenDirectory.framework/Versions/A/CFOpenDirectory
0x00007fff41865000 	/System/Library/Frameworks/OpenDirectory.framework/Versions/A/OpenDirectory
0x00007fff49b33000 	/System/Library/PrivateFrameworks/APFS.framework/Versions/A/APFS
0x00007fff44f0d000 	/System/Library/Frameworks/SecurityFoundation.framework/Versions/A/SecurityFoundation
0x00007fff6ee79000 	/usr/lib/libutil.dylib
0x00007fff510d8000 	/System/Library/PrivateFrameworks/CoreServicesStore.framework/Versions/A/CoreServicesStore
0x00007fff44fc5000 	/System/Library/Frameworks/ServiceManagement.framework/Versions/A/ServiceManagement
0x00007fff4d01b000 	/System/Library/PrivateFrameworks/BackgroundTaskManagement.framework/Versions/A/BackgroundTaskManagement
0x00007fff6ef76000 	/usr/lib/libxslt.1.dylib
0x00007fff4bec9000 	/System/Library/PrivateFrameworks/AppleSystemInfo.framework/Versions/A/AppleSystemInfo
0x00007fff3b6b0000 	/System/Library/Frameworks/ImageIO.framework/Versions/A/Resources/libJPEG.dylib
0x00007fff3b96f000 	/System/Library/Frameworks/ImageIO.framework/Versions/A/Resources/libTIFF.dylib
0x00007fff3b952000 	/System/Library/Frameworks/ImageIO.framework/Versions/A/Resources/libPng.dylib
0x00007fff3b5f1000 	/System/Library/Frameworks/ImageIO.framework/Versions/A/Resources/libGIF.dylib
0x00007fff3b5f5000 	/System/Library/Frameworks/ImageIO.framework/Versions/A/Resources/libJP2.dylib
0x00007fff3b96d000 	/System/Library/Frameworks/ImageIO.framework/Versions/A/Resources/libRadiance.dylib
0x00007fff6d7fd000 	/usr/lib/libexpat.1.dylib
0x00007fff4b9bf000 	/System/Library/PrivateFrameworks/AppleJPEG.framework/Versions/A/AppleJPEG
0x00007fff54345000 	/System/Library/PrivateFrameworks/FontServices.framework/libFontParser.dylib
0x00007fff6b1cf000 	/System/Library/PrivateFrameworks/WatchdogClient.framework/Versions/A/WatchdogClient
0x00007fff5c89c000 	/System/Library/PrivateFrameworks/IOAccelerator.framework/Versions/A/IOAccelerator
0x00007fff3dd2f000 	/System/Library/Frameworks/MetalPerformanceShaders.framework/Versions/A/MetalPerformanceShaders
0x00007fff59093000 	/System/Library/PrivateFrameworks/GPUWrangler.framework/Versions/A/GPUWrangler
0x00007fff5c8a7000 	/System/Library/PrivateFrameworks/IOPresentment.framework/Versions/A/IOPresentment
0x00007fff51db5000 	/System/Library/PrivateFrameworks/DSExternalDisplay.framework/Versions/A/DSExternalDisplay
0x00007fff421ce000 	/System/Library/Frameworks/OpenGL.framework/Versions/A/Libraries/libCoreFSCache.dylib
0x00007fff3da81000 	/System/Library/Frameworks/MetalPerformanceShaders.framework/Frameworks/MPSCore.framework/Versions/A/MPSCore
0x00007fff3dabe000 	/System/Library/Frameworks/MetalPerformanceShaders.framework/Frameworks/MPSImage.framework/Versions/A/MPSImage
0x00007fff3db80000 	/System/Library/Frameworks/MetalPerformanceShaders.framework/Frameworks/MPSNeuralNetwork.framework/Versions/A/MPSNeuralNetwork
0x00007fff3db45000 	/System/Library/Frameworks/MetalPerformanceShaders.framework/Frameworks/MPSMatrix.framework/Versions/A/MPSMatrix
0x00007fff3dce0000 	/System/Library/Frameworks/MetalPerformanceShaders.framework/Frameworks/MPSRayIntersector.framework/Versions/A/MPSRayIntersector
0x00007fff3db6a000 	/System/Library/Frameworks/MetalPerformanceShaders.framework/Frameworks/MPSNDArray.framework/Versions/A/MPSNDArray
0x00007fff5e6d8000 	/System/Library/PrivateFrameworks/MetalTools.framework/Versions/A/MetalTools
0x00007fff4acea000 	/System/Library/PrivateFrameworks/AggregateDictionary.framework/Versions/A/AggregateDictionary
0x00007fff4f875000 	/System/Library/PrivateFrameworks/CoreAnalytics.framework/Versions/A/CoreAnalytics
0x00007fff4bde7000 	/System/Library/PrivateFrameworks/AppleSauce.framework/Versions/A/AppleSauce
0x00007fff6c7cf000 	/usr/lib/libIOReport.dylib
0x00007fff3a57f000 	/System/Library/Frameworks/CoreVideo.framework/Versions/A/CoreVideo
0x00007fff5a4ff000 	/System/Library/PrivateFrameworks/GraphVisualizer.framework/Versions/A/GraphVisualizer
0x00007fff538c6000 	/System/Library/PrivateFrameworks/FaceCore.framework/Versions/A/FaceCore
0x00007fff417ef000 	/System/Library/Frameworks/OpenCL.framework/Versions/A/OpenCL
0x00007fff6c5f1000 	/usr/lib/libFosl_dynamic.dylib
0x00007fff5fb83000 	/System/Library/PrivateFrameworks/OTSVG.framework/Versions/A/OTSVG
0x00007fff3667e000 	/System/Library/Frameworks/ApplicationServices.framework/Versions/A/Frameworks/ATS.framework/Versions/A/Resources/libFontRegistry.dylib
0x00007fff54516000 	/System/Library/PrivateFrameworks/FontServices.framework/libhvf.dylib
0x00007fff421d9000 	/System/Library/Frameworks/OpenGL.framework/Versions/A/Libraries/libGFXShared.dylib
0x00007fff423b6000 	/System/Library/Frameworks/OpenGL.framework/Versions/A/Libraries/libGLU.dylib
0x00007fff421e2000 	/System/Library/Frameworks/OpenGL.framework/Versions/A/Libraries/libGL.dylib
0x00007fff421ed000 	/System/Library/Frameworks/OpenGL.framework/Versions/A/Libraries/libGLImage.dylib
0x00007fff421cb000 	/System/Library/Frameworks/OpenGL.framework/Versions/A/Libraries/libCVMSPluginSupport.dylib
0x00007fff421d4000 	/System/Library/Frameworks/OpenGL.framework/Versions/A/Libraries/libCoreVMClient.dylib
0x00007fff6e250000 	/usr/lib/libncurses.5.4.dylib
0x00007fff3657a000 	/System/Library/Frameworks/ApplicationServices.framework/Versions/A/Frameworks/ATS.framework/Versions/A/ATS
0x00007fff36747000 	/System/Library/Frameworks/ApplicationServices.framework/Versions/A/Frameworks/ColorSyncLegacy.framework/Versions/A/ColorSyncLegacy
0x00007fff367e6000 	/System/Library/Frameworks/ApplicationServices.framework/Versions/A/Frameworks/HIServices.framework/Versions/A/HIServices
0x00007fff3683d000 	/System/Library/Frameworks/ApplicationServices.framework/Versions/A/Frameworks/LangAnalysis.framework/Versions/A/LangAnalysis
0x00007fff3684c000 	/System/Library/Frameworks/ApplicationServices.framework/Versions/A/Frameworks/PrintCore.framework/Versions/A/PrintCore
0x00007fff36892000 	/System/Library/Frameworks/ApplicationServices.framework/Versions/A/Frameworks/QD.framework/Versions/A/QD
0x00007fff3689d000 	/System/Library/Frameworks/ApplicationServices.framework/Versions/A/Frameworks/SpeechSynthesis.framework/Versions/A/SpeechSynthesis
0x00007fff36717000 	/System/Library/Frameworks/ApplicationServices.framework/Versions/A/Frameworks/ATSUI.framework/Versions/A/ATSUI
0x00007fff6d691000 	/usr/lib/libcups.2.dylib
0x00007fff3cdde000 	/System/Library/Frameworks/Kerberos.framework/Versions/A/Kerberos
0x00007fff3b05e000 	/System/Library/Frameworks/GSS.framework/Versions/A/GSS
0x00007fff6e9c6000 	/usr/lib/libresolv.9.dylib
0x00007fff5a6a0000 	/System/Library/PrivateFrameworks/Heimdal.framework/Versions/A/Heimdal
0x00007fff3cdf1000 	/System/Library/Frameworks/Kerberos.framework/Versions/A/Libraries/libHeimdalProxy.dylib
0x00007fff6d83b000 	/usr/lib/libheimdal-asn1.dylib
0x00007fff4ed1b000 	/System/Library/PrivateFrameworks/CommonAuth.framework/Versions/A/CommonAuth
0x00007fff4bf66000 	/System/Library/PrivateFrameworks/AssertionServices.framework/Versions/A/AssertionServices
0x00007fff4cb09000 	/System/Library/PrivateFrameworks/AudioToolboxCore.framework/Versions/A/AudioToolboxCore
0x00007fff6be29000 	/System/Library/PrivateFrameworks/caulk.framework/Versions/A/caulk
0x00007fff4d0c7000 	/System/Library/PrivateFrameworks/BaseBoard.framework/Versions/A/BaseBoard
0x00007fff63c97000 	/System/Library/PrivateFrameworks/RunningBoardServices.framework/Versions/A/RunningBoardServices
0x00007fff60d71000 	/System/Library/PrivateFrameworks/PersistentConnection.framework/Versions/A/PersistentConnection
0x00007fff636e6000 	/System/Library/PrivateFrameworks/ProtocolBuffer.framework/Versions/A/ProtocolBuffer
0x00007fff4ed40000 	/System/Library/PrivateFrameworks/CommonUtilities.framework/Versions/A/CommonUtilities
0x00007fff4d24a000 	/System/Library/PrivateFrameworks/Bom.framework/Versions/A/Bom
0x00007fff6c49e000 	/usr/lib/libAudioToolboxUtility.dylib
0x00007fff4d025000 	/System/Library/PrivateFrameworks/Backup.framework/Versions/A/Backup
0x00007fff51b25000 	/System/Library/PrivateFrameworks/CrashReporterSupport.framework/Versions/A/CrashReporterSupport
0x00007fff6578e000 	/System/Library/PrivateFrameworks/Sharing.framework/Versions/A/Sharing
0x00007fff4b70a000 	/System/Library/PrivateFrameworks/Apple80211.framework/Versions/A/Apple80211
0x00007fff4cd47000 	/System/Library/PrivateFrameworks/AuthKit.framework/Versions/A/AuthKit
0x00007fff51855000 	/System/Library/PrivateFrameworks/CoreUtils.framework/Versions/A/CoreUtils
0x00007fff3a5c4000 	/System/Library/Frameworks/CoreWLAN.framework/Versions/A/CoreWLAN
0x00007fff3b1e9000 	/System/Library/Frameworks/IOBluetooth.framework/Versions/A/IOBluetooth
0x00007fff5e9d6000 	/System/Library/PrivateFrameworks/MobileKeyBag.framework/Versions/A/MobileKeyBag
0x00007fff5092b000 	/System/Library/PrivateFrameworks/CorePhoneNumbers.framework/Versions/A/CorePhoneNumbers
0x00007fff4b972000 	/System/Library/PrivateFrameworks/AppleIDAuthSupport.framework/Versions/A/AppleIDAuthSupport
0x00007fff3ec83000 	/System/Library/Frameworks/Network.framework/Versions/A/Network
0x00007fff5d097000 	/System/Library/PrivateFrameworks/KeychainCircle.framework/Versions/A/KeychainCircle
0x00007fff38039000 	/System/Library/Frameworks/CoreBluetooth.framework/Versions/A/CoreBluetooth
0x00007fff6740a000 	/System/Library/PrivateFrameworks/SpeechRecognitionCore.framework/Versions/A/SpeechRecognitionCore
0x0000000108f7e000 	/Library/Java/JavaVirtualMachines/jdk-12.0.2.jdk/Contents/Home/lib/server/libjvm.dylib
0x0000000108a00000 	/Library/Java/JavaVirtualMachines/jdk-12.0.2.jdk/Contents/Home/lib/libverify.dylib
0x0000000108a0c000 	/Library/Java/JavaVirtualMachines/jdk-12.0.2.jdk/Contents/Home/lib/libjava.dylib
0x0000000108a86000 	/Library/Java/JavaVirtualMachines/jdk-12.0.2.jdk/Contents/Home/lib/libzip.dylib
0x0000000108a8e000 	/Library/Java/JavaVirtualMachines/jdk-12.0.2.jdk/Contents/Home/lib/libjimage.dylib
0x000000012b074000 	/Library/Java/JavaVirtualMachines/jdk-12.0.2.jdk/Contents/Home/lib/libnio.dylib
0x000000012b082000 	/Library/Java/JavaVirtualMachines/jdk-12.0.2.jdk/Contents/Home/lib/libnet.dylib
0x000000012b11d000 	/Users/david_pinaud/Desktop/EÌtudes/javafx-sdk-11.0.2/lib/libprism_es2.dylib
0x00007fff510a4000 	/System/Library/PrivateFrameworks/CoreServicesInternal.framework/Versions/A/CoreServicesInternal
0x00007fff42e32000 	/System/Library/Frameworks/OpenGL.framework/Versions/A/Resources/GLEngine.bundle/GLEngine
0x00007fff42223000 	/System/Library/Frameworks/OpenGL.framework/Versions/A/Libraries/libGLProgrammability.dylib
0x00007fff30409000 	/System/Library/Extensions/AppleIntelKBLGraphicsGLDriver.bundle/Contents/MacOS/AppleIntelKBLGraphicsGLDriver
0x00007fff59087000 	/System/Library/PrivateFrameworks/GPUSupport.framework/Versions/A/Libraries/libGPUSupportMercury.dylib
0x00007fff42fac000 	/System/Library/Frameworks/OpenGL.framework/Versions/A/Resources/GLRendererFloat.bundle/GLRendererFloat
0x00007fff417e6000 	/System/Library/Frameworks/OpenCL.framework/Versions/A/Libraries/libcldcpuengine.dylib
0x00007fff6d276000 	/usr/lib/libcrypto.35.dylib
0x00007fff68643000 	/System/Library/PrivateFrameworks/TrustEvaluationAgent.framework/Versions/A/TrustEvaluationAgent
0x000000012b7d0000 	/Users/david_pinaud/Desktop/EÌtudes/javafx-sdk-11.0.2/lib/libglass.dylib
0x00007fff3aaeb000 	/System/Library/Frameworks/FileProvider.framework/Versions/A/FileProvider
0x00007fff355c9000 	/System/Library/Frameworks/Accounts.framework/Versions/A/Accounts
0x00007fff593b5000 	/System/Library/PrivateFrameworks/GenerationalStorage.framework/Versions/A/GenerationalStorage
0x00007fff51609000 	/System/Library/PrivateFrameworks/CoreSymbolication.framework/Versions/A/CoreSymbolication
0x00007fff67c3b000 	/System/Library/PrivateFrameworks/SymptomDiagnosticReporter.framework/Versions/A/SymptomDiagnosticReporter
0x00007fff4b1fb000 	/System/Library/PrivateFrameworks/AppContainer.framework/Versions/A/AppContainer
0x00007fff6e9e0000 	/usr/lib/libsandbox.1.dylib
0x00007fff6a16b000 	/System/Library/PrivateFrameworks/UserManagement.framework/Versions/A/UserManagement
0x00007fff4de0c000 	/System/Library/PrivateFrameworks/ChunkingLibrary.framework/Versions/A/ChunkingLibrary
0x00007fff51eea000 	/System/Library/PrivateFrameworks/DebugSymbols.framework/Versions/A/DebugSymbols
0x00007fff4b26d000 	/System/Library/PrivateFrameworks/AppSandbox.framework/Versions/A/AppSandbox
0x00007fff65618000 	/System/Library/PrivateFrameworks/SecCodeWrapper.framework/Versions/A/SecCodeWrapper
0x00007fff6c8b5000 	/usr/lib/libMatch.1.dylib
0x00007fff2cbe9000 	/System/Library/CoreServices/RawCamera.bundle/Contents/MacOS/RawCamera
0x00007fff5e800000 	/System/Library/PrivateFrameworks/MobileAsset.framework/Versions/A/MobileAsset
0x00007fff67ae9000 	/System/Library/PrivateFrameworks/StreamingZip.framework/Versions/A/StreamingZip
0x00007fff3d25a000 	/System/Library/Frameworks/MediaToolbox.framework/Versions/A/MediaToolbox
0x00007fff4f824000 	/System/Library/PrivateFrameworks/CoreAVCHD.framework/Versions/A/CoreAVCHD
0x00007fff3d184000 	/System/Library/Frameworks/MediaAccessibility.framework/Versions/A/MediaAccessibility
0x00007fff5dbcb000 	/System/Library/PrivateFrameworks/Mangrove.framework/Versions/A/Mangrove
0x00007fff3978e000 	/System/Library/Frameworks/CoreMedia.framework/Versions/A/CoreMedia
0x00007fff5de37000 	/System/Library/PrivateFrameworks/MediaExperience.framework/Versions/A/MediaExperience
0x00007fff46040000 	/System/Library/Frameworks/VideoToolbox.framework/Versions/A/VideoToolbox
0x00007fff4f44e000 	/System/Library/PrivateFrameworks/CoreAUC.framework/Versions/A/CoreAUC
0x00007fff6ea38000 	/usr/lib/libspindump.dylib
0x00007fff4c4b4000 	/System/Library/PrivateFrameworks/AudioResourceArbitration.framework/Versions/A/AudioResourceArbitration
0x00007fff4becd000 	/System/Library/PrivateFrameworks/AppleVA.framework/Versions/A/AppleVA
0x00007fff3430e000 	/System/Library/Frameworks/Accelerate.framework/Versions/A/Frameworks/vImage.framework/Versions/A/Libraries/libCGInterfaces.dylib
0x000000012b1de000 	/usr/lib/libobjc-trampolines.dylib
0x00007fff6af3f000 	/System/Library/PrivateFrameworks/ViewBridge.framework/Versions/A/ViewBridge
0x00007fff6c17b000 	/System/Library/PrivateFrameworks/login.framework/Versions/A/login
0x00007fff5447d000 	/System/Library/PrivateFrameworks/FontServices.framework/libTrueTypeScaler.dylib
0x00007fff31232000 	/System/Library/Extensions/AppleIntelKBLGraphicsMTLDriver.bundle/Contents/MacOS/AppleIntelKBLGraphicsMTLDriver
0x00007fff579eb000 	/System/Library/PrivateFrameworks/GPUCompiler.framework/Versions/3902/Libraries/libmetal_timestamp.dylib
0x000000012f799000 	/Library/Java/JavaVirtualMachines/jdk-12.0.2.jdk/Contents/Home/lib/libawt.dylib
0x000000012f82e000 	/Library/Java/JavaVirtualMachines/jdk-12.0.2.jdk/Contents/Home/lib/libmlib_image.dylib
0x00007fff3cdc7000 	/System/Library/Frameworks/JavaVM.framework/Versions/A/Frameworks/JavaNativeFoundation.framework/Versions/A/JavaNativeFoundation
0x00007fff3cdd0000 	/System/Library/Frameworks/JavaVM.framework/Versions/A/Frameworks/JavaRuntimeSupport.framework/Versions/A/JavaRuntimeSupport
0x00007fff3cdd9000 	/System/Library/Frameworks/JavaVM.framework/Versions/A/JavaVM
0x00007fff5cefa000 	/System/Library/PrivateFrameworks/JavaLaunching.framework/Versions/A/JavaLaunching
0x00007fff37109000 	/System/Library/Frameworks/Carbon.framework/Versions/A/Carbon
0x00007fff3710a000 	/System/Library/Frameworks/Carbon.framework/Versions/A/Frameworks/CommonPanels.framework/Versions/A/CommonPanels
0x00007fff37403000 	/System/Library/Frameworks/Carbon.framework/Versions/A/Frameworks/Help.framework/Versions/A/Help
0x00007fff37407000 	/System/Library/Frameworks/Carbon.framework/Versions/A/Frameworks/ImageCapture.framework/Versions/A/ImageCapture
0x00007fff3740e000 	/System/Library/Frameworks/Carbon.framework/Versions/A/Frameworks/OpenScripting.framework/Versions/A/OpenScripting
0x00007fff3740d000 	/System/Library/Frameworks/Carbon.framework/Versions/A/Frameworks/Ink.framework/Versions/A/Ink
0x00007fff37449000 	/System/Library/Frameworks/Carbon.framework/Versions/A/Frameworks/Print.framework/Versions/A/Print
0x00007fff3744a000 	/System/Library/Frameworks/Carbon.framework/Versions/A/Frameworks/SecurityHI.framework/Versions/A/SecurityHI
0x000000012f893000 	/Library/Java/JavaVirtualMachines/jdk-12.0.2.jdk/Contents/Home/lib/libawt_lwawt.dylib
0x000000012b2f5000 	/Library/Java/JavaVirtualMachines/jdk-12.0.2.jdk/Contents/Home/lib/libosxapp.dylib
0x00007fff3aacc000 	/System/Library/Frameworks/ExceptionHandling.framework/Versions/A/ExceptionHandling
0x000000012d243000 	/Library/Java/JavaVirtualMachines/jdk-12.0.2.jdk/Contents/Home/lib/libjavajpeg.dylib
0x000000012f4f1000 	/Library/Java/JavaVirtualMachines/jdk-12.0.2.jdk/Contents/Home/lib/liblcms.dylib
0x000000012f985000 	/Library/Java/JavaVirtualMachines/jdk-12.0.2.jdk/Contents/Home/lib/libfontmanager.dylib
0x000000012fa84000 	/Library/Java/JavaVirtualMachines/jdk-12.0.2.jdk/Contents/Home/lib/libfreetype.dylib
0x000000012b28d000 	/Library/Java/JavaVirtualMachines/jdk-12.0.2.jdk/Contents/Home/lib/libosxui.dylib
0x000000012e545000 	/Users/david_pinaud/Desktop/EÌtudes/javafx-sdk-11.0.2/lib/libjavafx_font.dylib
0x00007fff4a3a6000 	/System/Library/PrivateFrameworks/AccessibilityBundles.framework/Versions/A/AccessibilityBundles


VM Arguments:
jvm_args: --module-path=/Users/david_pinaud/Desktop/Ã‰tudes/javafx-sdk-11.0.2/lib --add-modules=javafx.controls -Dfile.encoding=UTF-8 
java_command: projetImage.nbMarche
java_class_path (initial): /Users/david_pinaud/Desktop/workspace_java/projetImage/bin:/Users/david_pinaud/Desktop/EÌtudes/javafx-sdk-11.0.2/lib/javafx.base.jar:/Users/david_pinaud/Desktop/EÌtudes/javafx-sdk-11.0.2/lib/javafx.controls.jar:/Users/david_pinaud/Desktop/EÌtudes/javafx-sdk-11.0.2/lib/javafx.swing.jar:/Users/david_pinaud/Desktop/EÌtudes/javafx-sdk-11.0.2/lib/javafx.web.jar:/Users/david_pinaud/Desktop/EÌtudes/javafx-sdk-11.0.2/lib/javafx-swt.jar:/Users/david_pinaud/Desktop/EÌtudes/javafx-sdk-11.0.2/lib/javafx.fxml.jar:/Users/david_pinaud/Desktop/EÌtudes/javafx-sdk-11.0.2/lib/javafx.graphics.jar:/Users/david_pinaud/Desktop/EÌtudes/javafx-sdk-11.0.2/lib/javafx.media.jar
Launcher Type: SUN_STANDARD

[Global flags]
     intx CICompilerCount                          = 4                                         {product} {ergonomic}
     uint ConcGCThreads                            = 2                                         {product} {ergonomic}
     uint G1ConcRefinementThreads                  = 8                                         {product} {ergonomic}
   size_t G1HeapRegionSize                         = 1048576                                   {product} {ergonomic}
    uintx GCDrainStackTargetSize                   = 64                                        {product} {ergonomic}
   size_t InitialHeapSize                          = 134217728                                 {product} {ergonomic}
   size_t MarkStackSize                            = 4194304                                   {product} {ergonomic}
   size_t MaxHeapSize                              = 2147483648                                {product} {ergonomic}
   size_t MaxNewSize                               = 1287651328                                {product} {ergonomic}
   size_t MinHeapDeltaBytes                        = 1048576                                   {product} {ergonomic}
    uintx NonNMethodCodeHeapSize                   = 5836300                                {pd product} {ergonomic}
    uintx NonProfiledCodeHeapSize                  = 122910970                              {pd product} {ergonomic}
    uintx ProfiledCodeHeapSize                     = 122910970                              {pd product} {ergonomic}
    uintx ReservedCodeCacheSize                    = 251658240                              {pd product} {ergonomic}
     bool SegmentedCodeCache                       = true                                      {product} {ergonomic}
     bool UseCompressedClassPointers               = true                                 {lp64_product} {ergonomic}
     bool UseCompressedOops                        = true                                 {lp64_product} {ergonomic}
     bool UseG1GC                                  = true                                      {product} {ergonomic}

Logging:
Log output configuration:
 #0: stdout all=warning uptime,level,tags
 #1: stderr all=off uptime,level,tags

Environment Variables:
PATH=/usr/bin:/bin:/usr/sbin:/sbin
SHELL=/bin/bash

Signal Handlers:
SIGSEGV: [libjvm.dylib+0x735418], sa_mask[0]=11111111011111110111111111111111, sa_flags=SA_ONSTACK|SA_RESTART|SA_SIGINFO
SIGBUS: [libjvm.dylib+0x735418], sa_mask[0]=11111111011111110111111111111111, sa_flags=SA_RESTART|SA_SIGINFO
SIGFPE: [libjvm.dylib+0x735418], sa_mask[0]=11111111011111110111111111111111, sa_flags=SA_RESTART|SA_SIGINFO
SIGPIPE: [libjvm.dylib+0x5dce9e], sa_mask[0]=11111111011111110111111111111111, sa_flags=SA_RESTART|SA_SIGINFO
SIGXFSZ: [libjvm.dylib+0x5dce9e], sa_mask[0]=11111111011111110111111111111111, sa_flags=SA_RESTART|SA_SIGINFO
SIGILL: [libjvm.dylib+0x735418], sa_mask[0]=11111111011111110111111111111111, sa_flags=SA_RESTART|SA_SIGINFO
SIGUSR2: [libjvm.dylib+0x5dd483], sa_mask[0]=00100000000000000000000000000000, sa_flags=SA_RESTART|SA_SIGINFO
SIGHUP: [libjvm.dylib+0x5dc143], sa_mask[0]=11111111011111110111111111111111, sa_flags=SA_RESTART|SA_SIGINFO
SIGINT: [libjvm.dylib+0x5dc143], sa_mask[0]=11111111011111110111111111111111, sa_flags=SA_RESTART|SA_SIGINFO
SIGTERM: [libjvm.dylib+0x5dc143], sa_mask[0]=11111111011111110111111111111111, sa_flags=SA_RESTART|SA_SIGINFO
SIGQUIT: [libjvm.dylib+0x5dc143], sa_mask[0]=11111111011111110111111111111111, sa_flags=SA_RESTART|SA_SIGINFO


---------------  S Y S T E M  ---------------

OS:uname:Darwin 19.2.0 Darwin Kernel Version 19.2.0: Sat Nov  9 03:47:04 PST 2019; root:xnu-6153.61.1~20/RELEASE_X86_64 x86_64
rlimit: STACK 8192k, CORE 0k, NPROC 1392, NOFILE 10240, AS infinity, DATA infinity, FSIZE infinity
load average:2.28 2.33 2.42

CPU:total 8 (initial active 8) (4 cores per cpu, 2 threads per core) family 6 model 142 stepping 10, cmov, cx8, fxsr, mmx, sse, sse2, sse3, ssse3, sse4.1, sse4.2, popcnt, avx, avx2, aes, clmul, erms, 3dnowpref, lzcnt, ht, tsc, tscinvbit, bmi1, bmi2, adx, fma

Memory: 4k page, physical 8388608k(75504k free)

vm_info: Java HotSpot(TM) 64-Bit Server VM (12.0.2+10) for bsd-amd64 JRE (12.0.2+10), built on Jul 16 2019 00:56:38 by "mach5one" with gcc 4.2.1 Compatible Apple LLVM 9.1.0 (clang-902.0.39.2)

END.
